# CODE first commit with kt : 18/11/02 : 0-05
# CODE player model : 18/11/02 : 0-10
# CODE spawning wanderers left and right : 18/11/02 : 2-00
# CODE draw accordign to Z axis : 18/11/02 : 0-10
# CODE collisions : 18/11/03 : 1-30
# CODE reproduction : 18/11/03 : 0-30
# CODE draw map : 18/11/03 : 0-45
# CODE collide with map : 18/11/03 : 1-00
# CODE collide with player and only reproduce between cyclops : 18/11/04 : 1-00
# CODE layer collision : 18/11/07 : 0-15
# CODE player shot : 18/11/07 : 0-15
# CODE optimize collision a bit : 18/11/15 : 8-00
# CODE cyclops are eating energy : 18/11/16 : 1-00
# CODE cyclops are drowing and dying : 18/11/16 : 0-50
# CODE make controlled entities tiles collisions independent of collision timer : 18/11/17 : 0-05
# CODE add the ability to have a trail : 18/11/17 : 0-20
# CODE fix collision gap : 18/11/19 : 0-30
# GAMEPLAY camera follow controlled bidule : 18/11/19 : 0-05
# CODE can now loose and restart. Ho and it waits : 18/11/19 : 0-20
# CODE Metronom add : 18/11/19 : 0-25